<?xml version="1.0" encoding="UTF-8"?>
<!-- Generated by org.testng.reporters.JUnitXMLReporter -->
<testsuite ignored="0" hostname="Nikhil" failures="0" tests="3" name="Default test" time="9.005" errors="0" timestamp="2025-05-23T18:37:30 IST">
  <testcase classname="wm.TestCases.LoginDDT" name="logintest_002_valid_email_invalid_pass" time="1.906"/>
  <testcase classname="wm.TestCases.LoginDDT" name="logintest_002_valid_email_invalid_pass" time="0.479"/>
  <testcase classname="wm.TestCases.LoginDDT" name="logintest_002_valid_email_invalid_pass" time="0.003">
    <skipped/>
  </testcase> <!-- logintest_002_valid_email_invalid_pass -->
</testsuite> <!-- Default test -->
