<?xml version="1.0" encoding="UTF-8"?>
<!-- Generated by org.testng.reporters.JUnitXMLReporter -->
<testsuite ignored="1" hostname="Nikhil" failures="0" tests="2" name="Default test" time="30.852" errors="0" timestamp="2025-05-27T11:47:04 IST">
  <testcase classname="wm.TestCases.LoginDDT" name="gateEntryTest" time="7.614">
    <skipped/>
  </testcase> <!-- gateEntryTest -->
  <testcase classname="wm.TestCases.LoginDDT" name="gateEntryTest" time="14.888"/>
  <testcase classname="wm.TestCases.LoginDDT" name="logintest" time="0.0">
    <ignored/>
  </testcase> <!-- logintest -->
</testsuite> <!-- Default test -->
