<?xml version="1.0" encoding="UTF-8"?>
<!-- Generated by org.testng.reporters.JUnitXMLReporter -->
<testsuite ignored="0" hostname="Nikhil" failures="0" tests="4" name="LoginTest" time="10.628" errors="0" timestamp="2025-05-23T18:38:06 IST">
  <testcase classname="wm.TestCases.LoginDDT" name="logintest_002_valid_email_invalid_pass" time="1.84">
    <skipped/>
  </testcase> <!-- logintest_002_valid_email_invalid_pass -->
  <testcase classname="wm.TestCases.LoginDDT" name="logintest_002_valid_email_invalid_pass" time="1.716"/>
  <testcase classname="wm.TestCases.LoginDDT" name="logintest_002_valid_email_invalid_pass" time="0.451"/>
  <testcase classname="wm.TestCases.LoginDDT" name="logintest_002_valid_email_invalid_pass" time="0.002">
    <skipped/>
  </testcase> <!-- logintest_002_valid_email_invalid_pass -->
</testsuite> <!-- LoginTest -->
