<?xml version="1.0" encoding="UTF-8"?>
<testng-results retried="1" ignored="1" total="3" passed="1" failed="0" skipped="0">
  <reporter-output>
  </reporter-output>
  <suite started-at="2025-05-27T11:46:34 IST" name="Default suite" finished-at="2025-05-27T11:47:04 IST" duration-ms="30852">
    <groups>
    </groups>
    <test started-at="2025-05-27T11:46:34 IST" name="Default test" finished-at="2025-05-27T11:47:04 IST" duration-ms="30852">
      <class name="wm.TestCases.LoginDDT">
        <test-method is-config="true" signature="launchApplication()[pri:0, instance:wm.TestCases.LoginDDT@34c01041]" started-at="2025-05-27T11:46:34 IST" name="launchApplication" finished-at="2025-05-27T11:46:39 IST" duration-ms="4388" status="PASS">
          <reporter-output>
          </reporter-output>
        </test-method> <!-- launchApplication -->
        <test-method retried="true" signature="gateEntryTest(java.lang.String,java.lang.String,java.lang.String,java.lang.String,java.lang.String,java.lang.String,java.lang.String,java.lang.String,java.lang.String,java.lang.String,java.lang.String)[pri:0, instance:wm.TestCases.LoginDDT@34c01041]" started-at="2025-05-27T11:46:39 IST" name="gateEntryTest" data-provider="LoginData" finished-at="2025-05-27T11:46:46 IST" duration-ms="7614" status="SKIP">
          <params>
            <param index="0">
              <value>
                <![CDATA[TestCase001- Gate Entry with the Complete Qty receiving of all the material codes from the selected order.]]>
              </value>
            </param>
            <param index="1">
              <value>
                <![CDATA[Positive]]>
              </value>
            </param>
            <param index="2">
              <value>
                <![CDATA[Nikhil10]]>
              </value>
            </param>
            <param index="3">
              <value>
                <![CDATA[Bcil@12345678]]>
              </value>
            </param>
            <param index="4">
              <value>
                <![CDATA[PO]]>
              </value>
            </param>
            <param index="5">
              <value>
                <![CDATA[24032502]]>
              </value>
            </param>
            <param index="6">
              <value>
                <![CDATA[TNTINV8910]]>
              </value>
            </param>
            <param index="7">
              <value>
                <![CDATA[24-052025]]>
              </value>
            </param>
            <param index="8">
              <value>
                <![CDATA[DL8SQQ7313]]>
              </value>
            </param>
            <param index="9">
              <value>
                <![CDATA[Driver]]>
              </value>
            </param>
            <param index="10">
              <value>
                <![CDATA[9999999999]]>
              </value>
            </param>
          </params>
          <exception class="org.openqa.selenium.TimeoutException">
            <message>
              <![CDATA[Expected condition failed: waiting for visibility of element located by By.id: Document_Type-panel (tried for 5 second(s) with 500 milliseconds interval)
Build info: version: '4.32.0', revision: 'd17c8aa950'
System info: os.name: 'Windows 11', os.arch: 'amd64', os.version: '10.0', java.version: '23.0.2'
Driver info: org.openqa.selenium.chrome.ChromeDriver
Capabilities {acceptInsecureCerts: false, browserName: chrome, browserVersion: 136.0.7103.114, chrome: {chromedriverVersion: 136.0.7103.113 (76fa3c17824..., userDataDir: C:\Users\kharb\AppData\Loca...}, fedcm:accounts: true, goog:chromeOptions: {debuggerAddress: localhost:64232}, networkConnectionEnabled: false, pageLoadStrategy: normal, platformName: windows, proxy: Proxy(), se:cdp: ws://localhost:64232/devtoo..., se:cdpVersion: 136.0.7103.114, setWindowRect: true, strictFileInteractability: false, timeouts: {implicit: 0, pageLoad: 300000, script: 30000}, unhandledPromptBehavior: dismiss and notify, webauthn:extension:credBlob: true, webauthn:extension:largeBlob: true, webauthn:extension:minPinLength: true, webauthn:extension:prf: true, webauthn:virtualAuthenticators: true}
Session ID: ed26b319102e274740783dbb79325a2d]]>
            </message>
            <full-stacktrace>
              <![CDATA[org.openqa.selenium.TimeoutException: Expected condition failed: waiting for visibility of element located by By.id: Document_Type-panel (tried for 5 second(s) with 500 milliseconds interval)
Build info: version: '4.32.0', revision: 'd17c8aa950'
System info: os.name: 'Windows 11', os.arch: 'amd64', os.version: '10.0', java.version: '23.0.2'
Driver info: org.openqa.selenium.chrome.ChromeDriver
Capabilities {acceptInsecureCerts: false, browserName: chrome, browserVersion: 136.0.7103.114, chrome: {chromedriverVersion: 136.0.7103.113 (76fa3c17824..., userDataDir: C:\Users\kharb\AppData\Loca...}, fedcm:accounts: true, goog:chromeOptions: {debuggerAddress: localhost:64232}, networkConnectionEnabled: false, pageLoadStrategy: normal, platformName: windows, proxy: Proxy(), se:cdp: ws://localhost:64232/devtoo..., se:cdpVersion: 136.0.7103.114, setWindowRect: true, strictFileInteractability: false, timeouts: {implicit: 0, pageLoad: 300000, script: 30000}, unhandledPromptBehavior: dismiss and notify, webauthn:extension:credBlob: true, webauthn:extension:largeBlob: true, webauthn:extension:minPinLength: true, webauthn:extension:prf: true, webauthn:virtualAuthenticators: true}
Session ID: ed26b319102e274740783dbb79325a2d
at org.openqa.selenium.support.ui.WebDriverWait.timeoutException(WebDriverWait.java:84)
at org.openqa.selenium.support.ui.FluentWait.until(FluentWait.java:228)
at wm.abstractComponents.AbstractClass.waitElementVisibility(AbstractClass.java:27)
at wm.PageObjects.GateEntryPage.selectReceivingType(GateEntryPage.java:57)
at wm.TestCases.LoginDDT.gateEntryTest(LoginDDT.java:57)
at java.base/jdk.internal.reflect.DirectMethodHandleAccessor.invoke(DirectMethodHandleAccessor.java:103)
at java.base/java.lang.reflect.Method.invoke(Method.java:580)
at org.testng.internal.invokers.MethodInvocationHelper.invokeMethod(MethodInvocationHelper.java:141)
at org.testng.internal.invokers.TestInvoker.invokeMethod(TestInvoker.java:687)
at org.testng.internal.invokers.TestInvoker.invokeTestMethod(TestInvoker.java:230)
at org.testng.internal.invokers.MethodRunner.runInSequence(MethodRunner.java:63)
at org.testng.internal.invokers.TestInvoker$MethodInvocationAgent.invoke(TestInvoker.java:995)
at org.testng.internal.invokers.TestInvoker.invokeTestMethods(TestInvoker.java:203)
at org.testng.internal.invokers.TestMethodWorker.invokeTestMethods(TestMethodWorker.java:154)
at org.testng.internal.invokers.TestMethodWorker.run(TestMethodWorker.java:134)
at java.base/java.util.ArrayList.forEach(ArrayList.java:1597)
at org.testng.TestRunner.privateRun(TestRunner.java:741)
at org.testng.TestRunner.run(TestRunner.java:616)
at org.testng.SuiteRunner.runTest(SuiteRunner.java:421)
at org.testng.SuiteRunner.runSequentially(SuiteRunner.java:413)
at org.testng.SuiteRunner.privateRun(SuiteRunner.java:373)
at org.testng.SuiteRunner.run(SuiteRunner.java:312)
at org.testng.SuiteRunnerWorker.runSuite(SuiteRunnerWorker.java:52)
at org.testng.SuiteRunnerWorker.run(SuiteRunnerWorker.java:95)
at org.testng.TestNG.runSuitesSequentially(TestNG.java:1274)
at org.testng.TestNG.runSuitesLocally(TestNG.java:1208)
at org.testng.TestNG.runSuites(TestNG.java:1112)
at org.testng.TestNG.run(TestNG.java:1079)
at org.testng.remote.AbstractRemoteTestNG.run(AbstractRemoteTestNG.java:115)
at org.testng.remote.RemoteTestNG.initAndRun(RemoteTestNG.java:293)
at org.testng.remote.RemoteTestNG.main(RemoteTestNG.java:91)
]]>
            </full-stacktrace>
          </exception> <!-- org.openqa.selenium.TimeoutException -->
          <reporter-output>
          </reporter-output>
        </test-method> <!-- gateEntryTest -->
        <test-method is-config="true" signature="closeBrowser()[pri:0, instance:wm.TestCases.LoginDDT@34c01041]" started-at="2025-05-27T11:46:46 IST" name="closeBrowser" finished-at="2025-05-27T11:46:46 IST" duration-ms="258" status="PASS">
          <reporter-output>
          </reporter-output>
        </test-method> <!-- closeBrowser -->
        <test-method is-config="true" signature="launchApplication()[pri:0, instance:wm.TestCases.LoginDDT@34c01041]" started-at="2025-05-27T11:46:46 IST" name="launchApplication" finished-at="2025-05-27T11:46:48 IST" duration-ms="1481" status="PASS">
          <reporter-output>
          </reporter-output>
        </test-method> <!-- launchApplication -->
        <test-method signature="gateEntryTest(java.lang.String,java.lang.String,java.lang.String,java.lang.String,java.lang.String,java.lang.String,java.lang.String,java.lang.String,java.lang.String,java.lang.String,java.lang.String)[pri:0, instance:wm.TestCases.LoginDDT@34c01041]" started-at="2025-05-27T11:46:48 IST" name="gateEntryTest" data-provider="LoginData" finished-at="2025-05-27T11:47:03 IST" duration-ms="14888" status="PASS">
          <params>
            <param index="0">
              <value>
                <![CDATA[TestCase001- Gate Entry with the Complete Qty receiving of all the material codes from the selected order.]]>
              </value>
            </param>
            <param index="1">
              <value>
                <![CDATA[Positive]]>
              </value>
            </param>
            <param index="2">
              <value>
                <![CDATA[Nikhil10]]>
              </value>
            </param>
            <param index="3">
              <value>
                <![CDATA[Bcil@12345678]]>
              </value>
            </param>
            <param index="4">
              <value>
                <![CDATA[PO]]>
              </value>
            </param>
            <param index="5">
              <value>
                <![CDATA[24032502]]>
              </value>
            </param>
            <param index="6">
              <value>
                <![CDATA[TNTINV8910]]>
              </value>
            </param>
            <param index="7">
              <value>
                <![CDATA[24-052025]]>
              </value>
            </param>
            <param index="8">
              <value>
                <![CDATA[DL8SQQ7313]]>
              </value>
            </param>
            <param index="9">
              <value>
                <![CDATA[Driver]]>
              </value>
            </param>
            <param index="10">
              <value>
                <![CDATA[9999999999]]>
              </value>
            </param>
          </params>
          <reporter-output>
          </reporter-output>
        </test-method> <!-- gateEntryTest -->
        <test-method is-config="true" signature="closeBrowser()[pri:0, instance:wm.TestCases.LoginDDT@34c01041]" started-at="2025-05-27T11:47:03 IST" name="closeBrowser" finished-at="2025-05-27T11:47:04 IST" duration-ms="1596" status="PASS">
          <reporter-output>
          </reporter-output>
        </test-method> <!-- closeBrowser -->
      </class> <!-- wm.TestCases.LoginDDT -->
    </test> <!-- Default test -->
  </suite> <!-- Default suite -->
</testng-results>
