<?xml version="1.0" encoding="UTF-8"?>
<testng-results retried="1" ignored="0" total="4" passed="2" failed="0" skipped="1">
  <reporter-output>
  </reporter-output>
  <suite started-at="2025-05-23T18:37:55 IST" name="Suite" finished-at="2025-05-23T18:38:06 IST" duration-ms="10628">
    <groups>
      <group name="negative">
        <method signature="LoginDDT.logintest_002_valid_email_invalid_pass(java.lang.String,java.lang.String,java.lang.String,java.lang.String,java.lang.String)[pri:0, instance:wm.TestCases.LoginDDT@56dc1551]" name="logintest_002_valid_email_invalid_pass" class="wm.TestCases.LoginDDT"/>
      </group> <!-- negative -->
    </groups>
    <test started-at="2025-05-23T18:37:55 IST" name="LoginTest" finished-at="2025-05-23T18:38:06 IST" duration-ms="10628">
      <class name="wm.TestCases.LoginDDT">
        <test-method is-config="true" signature="launchApplication()[pri:0, instance:wm.TestCases.LoginDDT@56dc1551]" started-at="2025-05-23T18:37:56 IST" name="launchApplication" finished-at="2025-05-23T18:37:58 IST" duration-ms="1694" status="PASS">
          <reporter-output>
          </reporter-output>
        </test-method> <!-- launchApplication -->
        <test-method retried="true" signature="logintest_002_valid_email_invalid_pass(java.lang.String,java.lang.String,java.lang.String,java.lang.String,java.lang.String)[pri:0, instance:wm.TestCases.LoginDDT@56dc1551]" started-at="2025-05-23T18:37:58 IST" name="logintest_002_valid_email_invalid_pass" data-provider="LoginData" finished-at="2025-05-23T18:38:00 IST" duration-ms="1840" status="SKIP">
          <params>
            <param index="0">
              <value>
                <![CDATA[TestCase001- Valid user name and password.]]>
              </value>
            </param>
            <param index="1">
              <value>
                <![CDATA[Positive]]>
              </value>
            </param>
            <param index="2">
              <value>
                <![CDATA[Nikhil10]]>
              </value>
            </param>
            <param index="3">
              <value>
                <![CDATA[Bcil@12345678]]>
              </value>
            </param>
            <param index="4">
              <value>
                <![CDATA[©2025-2026 Bar Code India Limited. All rights reserved.]]>
              </value>
            </param>
          </params>
          <exception class="org.openqa.selenium.StaleElementReferenceException">
            <message>
              <![CDATA[stale element reference: stale element not found in the current frame
  (Session info: chrome=136.0.7103.114)
For documentation on this error, please visit: https://www.selenium.dev/documentation/webdriver/troubleshooting/errors#stale-element-reference-exception
Build info: version: '4.32.0', revision: 'd17c8aa950'
System info: os.name: 'Windows 11', os.arch: 'amd64', os.version: '10.0', java.version: '23.0.2'
Driver info: org.openqa.selenium.chrome.ChromeDriver
Command: [d49d0a1e943640bfae6eb76f0dd8da19, getElementText {id=f.8E7A0C3BA045CA27950D5B4FB9CFDE9D.d.5D3D1BC16A100DD858A58D96738148F8.e.22}]
Capabilities {acceptInsecureCerts: false, browserName: chrome, browserVersion: 136.0.7103.114, chrome: {chromedriverVersion: 136.0.7103.113 (76fa3c17824..., userDataDir: C:\Users\kharb\AppData\Loca...}, fedcm:accounts: true, goog:chromeOptions: {debuggerAddress: localhost:55045}, networkConnectionEnabled: false, pageLoadStrategy: normal, platformName: windows, proxy: Proxy(), se:cdp: ws://localhost:55045/devtoo..., se:cdpVersion: 136.0.7103.114, setWindowRect: true, strictFileInteractability: false, timeouts: {implicit: 0, pageLoad: 300000, script: 30000}, unhandledPromptBehavior: dismiss and notify, webauthn:extension:credBlob: true, webauthn:extension:largeBlob: true, webauthn:extension:minPinLength: true, webauthn:extension:prf: true, webauthn:virtualAuthenticators: true}
Element: [[ChromeDriver: chrome on windows (d49d0a1e943640bfae6eb76f0dd8da19)] -> xpath: //div[@class='copyright']]
Session ID: d49d0a1e943640bfae6eb76f0dd8da19]]>
            </message>
            <full-stacktrace>
              <![CDATA[org.openqa.selenium.StaleElementReferenceException: stale element reference: stale element not found in the current frame
  (Session info: chrome=136.0.7103.114)
For documentation on this error, please visit: https://www.selenium.dev/documentation/webdriver/troubleshooting/errors#stale-element-reference-exception
Build info: version: '4.32.0', revision: 'd17c8aa950'
System info: os.name: 'Windows 11', os.arch: 'amd64', os.version: '10.0', java.version: '23.0.2'
Driver info: org.openqa.selenium.chrome.ChromeDriver
Command: [d49d0a1e943640bfae6eb76f0dd8da19, getElementText {id=f.8E7A0C3BA045CA27950D5B4FB9CFDE9D.d.5D3D1BC16A100DD858A58D96738148F8.e.22}]
Capabilities {acceptInsecureCerts: false, browserName: chrome, browserVersion: 136.0.7103.114, chrome: {chromedriverVersion: 136.0.7103.113 (76fa3c17824..., userDataDir: C:\Users\kharb\AppData\Loca...}, fedcm:accounts: true, goog:chromeOptions: {debuggerAddress: localhost:55045}, networkConnectionEnabled: false, pageLoadStrategy: normal, platformName: windows, proxy: Proxy(), se:cdp: ws://localhost:55045/devtoo..., se:cdpVersion: 136.0.7103.114, setWindowRect: true, strictFileInteractability: false, timeouts: {implicit: 0, pageLoad: 300000, script: 30000}, unhandledPromptBehavior: dismiss and notify, webauthn:extension:credBlob: true, webauthn:extension:largeBlob: true, webauthn:extension:minPinLength: true, webauthn:extension:prf: true, webauthn:virtualAuthenticators: true}
Element: [[ChromeDriver: chrome on windows (d49d0a1e943640bfae6eb76f0dd8da19)] -> xpath: //div[@class='copyright']]
Session ID: d49d0a1e943640bfae6eb76f0dd8da19
at java.base/jdk.internal.reflect.DirectConstructorHandleAccessor.newInstance(DirectConstructorHandleAccessor.java:62)
at java.base/java.lang.reflect.Constructor.newInstanceWithCaller(Constructor.java:501)
at java.base/java.lang.reflect.Constructor.newInstance(Constructor.java:485)
at org.openqa.selenium.remote.ErrorCodec.decode(ErrorCodec.java:167)
at org.openqa.selenium.remote.codec.w3c.W3CHttpResponseCodec.decode(W3CHttpResponseCodec.java:138)
at org.openqa.selenium.remote.codec.w3c.W3CHttpResponseCodec.decode(W3CHttpResponseCodec.java:50)
at org.openqa.selenium.remote.HttpCommandExecutor.execute(HttpCommandExecutor.java:215)
at org.openqa.selenium.remote.service.DriverCommandExecutor.invokeExecute(DriverCommandExecutor.java:216)
at org.openqa.selenium.remote.service.DriverCommandExecutor.execute(DriverCommandExecutor.java:174)
at org.openqa.selenium.remote.RemoteWebDriver.execute(RemoteWebDriver.java:545)
at org.openqa.selenium.remote.RemoteWebElement.execute(RemoteWebElement.java:223)
at org.openqa.selenium.remote.RemoteWebElement.getText(RemoteWebElement.java:191)
at java.base/jdk.internal.reflect.DirectMethodHandleAccessor.invoke(DirectMethodHandleAccessor.java:103)
at java.base/java.lang.reflect.Method.invoke(Method.java:580)
at org.openqa.selenium.support.pagefactory.internal.LocatingElementHandler.invoke(LocatingElementHandler.java:51)
at jdk.proxy2/jdk.proxy2.$Proxy18.getText(Unknown Source)
at wm.PageObjects.HomePage.getLoginMessage(HomePage.java:50)
at wm.TestCases.LoginDDT.logintest_002_valid_email_invalid_pass(LoginDDT.java:24)
at java.base/jdk.internal.reflect.DirectMethodHandleAccessor.invoke(DirectMethodHandleAccessor.java:103)
at java.base/java.lang.reflect.Method.invoke(Method.java:580)
at org.testng.internal.invokers.MethodInvocationHelper.invokeMethod(MethodInvocationHelper.java:141)
at org.testng.internal.invokers.TestInvoker.invokeMethod(TestInvoker.java:687)
at org.testng.internal.invokers.TestInvoker.invokeTestMethod(TestInvoker.java:230)
at org.testng.internal.invokers.MethodRunner.runInSequence(MethodRunner.java:63)
at org.testng.internal.invokers.TestInvoker$MethodInvocationAgent.invoke(TestInvoker.java:995)
at org.testng.internal.invokers.TestInvoker.invokeTestMethods(TestInvoker.java:203)
at org.testng.internal.invokers.TestMethodWorker.invokeTestMethods(TestMethodWorker.java:154)
at org.testng.internal.invokers.TestMethodWorker.run(TestMethodWorker.java:134)
at java.base/java.util.ArrayList.forEach(ArrayList.java:1597)
at org.testng.TestRunner.privateRun(TestRunner.java:741)
at org.testng.TestRunner.run(TestRunner.java:616)
at org.testng.SuiteRunner.runTest(SuiteRunner.java:421)
at org.testng.SuiteRunner$SuiteWorker.run(SuiteRunner.java:463)
at org.testng.internal.thread.ThreadUtil.lambda$execute$0(ThreadUtil.java:64)
at java.base/java.util.concurrent.FutureTask.run(FutureTask.java:317)
at java.base/java.util.concurrent.ThreadPoolExecutor.runWorker(ThreadPoolExecutor.java:1144)
at java.base/java.util.concurrent.ThreadPoolExecutor$Worker.run(ThreadPoolExecutor.java:642)
at java.base/java.lang.Thread.run(Thread.java:1575)
]]>
            </full-stacktrace>
          </exception> <!-- org.openqa.selenium.StaleElementReferenceException -->
          <reporter-output>
          </reporter-output>
        </test-method> <!-- logintest_002_valid_email_invalid_pass -->
        <test-method is-config="true" signature="closeBrowser()[pri:0, instance:wm.TestCases.LoginDDT@56dc1551]" started-at="2025-05-23T18:38:00 IST" name="closeBrowser" finished-at="2025-05-23T18:38:00 IST" duration-ms="247" status="PASS">
          <reporter-output>
          </reporter-output>
        </test-method> <!-- closeBrowser -->
        <test-method is-config="true" signature="launchApplication()[pri:0, instance:wm.TestCases.LoginDDT@56dc1551]" started-at="2025-05-23T18:38:00 IST" name="launchApplication" finished-at="2025-05-23T18:38:01 IST" duration-ms="1084" status="PASS">
          <reporter-output>
          </reporter-output>
        </test-method> <!-- launchApplication -->
        <test-method signature="logintest_002_valid_email_invalid_pass(java.lang.String,java.lang.String,java.lang.String,java.lang.String,java.lang.String)[pri:0, instance:wm.TestCases.LoginDDT@56dc1551]" started-at="2025-05-23T18:38:01 IST" name="logintest_002_valid_email_invalid_pass" data-provider="LoginData" finished-at="2025-05-23T18:38:03 IST" duration-ms="1716" status="PASS">
          <params>
            <param index="0">
              <value>
                <![CDATA[TestCase001- Valid user name and password.]]>
              </value>
            </param>
            <param index="1">
              <value>
                <![CDATA[Positive]]>
              </value>
            </param>
            <param index="2">
              <value>
                <![CDATA[Nikhil10]]>
              </value>
            </param>
            <param index="3">
              <value>
                <![CDATA[Bcil@12345678]]>
              </value>
            </param>
            <param index="4">
              <value>
                <![CDATA[©2025-2026 Bar Code India Limited. All rights reserved.]]>
              </value>
            </param>
          </params>
          <reporter-output>
          </reporter-output>
        </test-method> <!-- logintest_002_valid_email_invalid_pass -->
        <test-method is-config="true" signature="closeBrowser()[pri:0, instance:wm.TestCases.LoginDDT@56dc1551]" started-at="2025-05-23T18:38:03 IST" name="closeBrowser" finished-at="2025-05-23T18:38:03 IST" duration-ms="219" status="PASS">
          <reporter-output>
          </reporter-output>
        </test-method> <!-- closeBrowser -->
        <test-method is-config="true" signature="launchApplication()[pri:0, instance:wm.TestCases.LoginDDT@56dc1551]" started-at="2025-05-23T18:38:03 IST" name="launchApplication" finished-at="2025-05-23T18:38:04 IST" duration-ms="1059" status="PASS">
          <reporter-output>
          </reporter-output>
        </test-method> <!-- launchApplication -->
        <test-method signature="logintest_002_valid_email_invalid_pass(java.lang.String,java.lang.String,java.lang.String,java.lang.String,java.lang.String)[pri:0, instance:wm.TestCases.LoginDDT@56dc1551]" started-at="2025-05-23T18:38:04 IST" name="logintest_002_valid_email_invalid_pass" data-provider="LoginData" finished-at="2025-05-23T18:38:05 IST" duration-ms="451" status="PASS">
          <params>
            <param index="0">
              <value>
                <![CDATA[TestCase002-Valid user name and invalid password.]]>
              </value>
            </param>
            <param index="1">
              <value>
                <![CDATA[Negative]]>
              </value>
            </param>
            <param index="2">
              <value>
                <![CDATA[Nikhil10]]>
              </value>
            </param>
            <param index="3">
              <value>
                <![CDATA[Bcil@987654321]]>
              </value>
            </param>
            <param index="4">
              <value>
                <![CDATA[Invalid username or password!]]>
              </value>
            </param>
          </params>
          <reporter-output>
          </reporter-output>
        </test-method> <!-- logintest_002_valid_email_invalid_pass -->
        <test-method is-config="true" signature="closeBrowser()[pri:0, instance:wm.TestCases.LoginDDT@56dc1551]" started-at="2025-05-23T18:38:05 IST" name="closeBrowser" finished-at="2025-05-23T18:38:05 IST" duration-ms="166" status="PASS">
          <reporter-output>
          </reporter-output>
        </test-method> <!-- closeBrowser -->
        <test-method is-config="true" signature="launchApplication()[pri:0, instance:wm.TestCases.LoginDDT@56dc1551]" started-at="2025-05-23T18:38:05 IST" name="launchApplication" finished-at="2025-05-23T18:38:06 IST" duration-ms="1071" status="PASS">
          <reporter-output>
          </reporter-output>
        </test-method> <!-- launchApplication -->
        <test-method signature="logintest_002_valid_email_invalid_pass(java.lang.String,java.lang.String,java.lang.String,java.lang.String,java.lang.String)[pri:0, instance:wm.TestCases.LoginDDT@56dc1551]" started-at="2025-05-23T18:38:06 IST" name="logintest_002_valid_email_invalid_pass" data-provider="LoginData" finished-at="2025-05-23T18:38:06 IST" duration-ms="2" status="SKIP">
          <params>
            <param index="0">
              <value>
                <![CDATA[TestCase002-Valid user name and invalid password.]]>
              </value>
            </param>
            <param index="1">
              <value>
                <![CDATA[qwer]]>
              </value>
            </param>
            <param index="2">
              <value>
                <![CDATA[Nikhil10]]>
              </value>
            </param>
            <param index="3">
              <value>
                <![CDATA[Bcil@987654321]]>
              </value>
            </param>
            <param index="4">
              <value>
                <![CDATA[Invalid username or password!]]>
              </value>
            </param>
          </params>
          <exception class="org.testng.SkipException">
            <message>
              <![CDATA[Skipping test due to unknown test type: qwer]]>
            </message>
            <full-stacktrace>
              <![CDATA[org.testng.SkipException: Skipping test due to unknown test type: qwer
at wm.TestCases.LoginDDT.logintest_002_valid_email_invalid_pass(LoginDDT.java:35)
at java.base/jdk.internal.reflect.DirectMethodHandleAccessor.invoke(DirectMethodHandleAccessor.java:103)
at java.base/java.lang.reflect.Method.invoke(Method.java:580)
at org.testng.internal.invokers.MethodInvocationHelper.invokeMethod(MethodInvocationHelper.java:141)
at org.testng.internal.invokers.TestInvoker.invokeMethod(TestInvoker.java:687)
at org.testng.internal.invokers.TestInvoker.invokeTestMethod(TestInvoker.java:230)
at org.testng.internal.invokers.MethodRunner.runInSequence(MethodRunner.java:63)
at org.testng.internal.invokers.TestInvoker$MethodInvocationAgent.invoke(TestInvoker.java:995)
at org.testng.internal.invokers.TestInvoker.invokeTestMethods(TestInvoker.java:203)
at org.testng.internal.invokers.TestMethodWorker.invokeTestMethods(TestMethodWorker.java:154)
at org.testng.internal.invokers.TestMethodWorker.run(TestMethodWorker.java:134)
at java.base/java.util.ArrayList.forEach(ArrayList.java:1597)
at org.testng.TestRunner.privateRun(TestRunner.java:741)
at org.testng.TestRunner.run(TestRunner.java:616)
at org.testng.SuiteRunner.runTest(SuiteRunner.java:421)
at org.testng.SuiteRunner$SuiteWorker.run(SuiteRunner.java:463)
at org.testng.internal.thread.ThreadUtil.lambda$execute$0(ThreadUtil.java:64)
at java.base/java.util.concurrent.FutureTask.run(FutureTask.java:317)
at java.base/java.util.concurrent.ThreadPoolExecutor.runWorker(ThreadPoolExecutor.java:1144)
at java.base/java.util.concurrent.ThreadPoolExecutor$Worker.run(ThreadPoolExecutor.java:642)
at java.base/java.lang.Thread.run(Thread.java:1575)
]]>
            </full-stacktrace>
          </exception> <!-- org.testng.SkipException -->
          <reporter-output>
          </reporter-output>
        </test-method> <!-- logintest_002_valid_email_invalid_pass -->
        <test-method is-config="true" signature="closeBrowser()[pri:0, instance:wm.TestCases.LoginDDT@56dc1551]" started-at="2025-05-23T18:38:06 IST" name="closeBrowser" finished-at="2025-05-23T18:38:06 IST" duration-ms="138" status="PASS">
          <reporter-output>
          </reporter-output>
        </test-method> <!-- closeBrowser -->
      </class> <!-- wm.TestCases.LoginDDT -->
    </test> <!-- LoginTest -->
  </suite> <!-- Suite -->
</testng-results>
